30022 2L
39204 2R
   8 3L
 857 2R
34310 3L
41851 3R
  31 4
 431 3R
3052 4
37235 X
  36 Y
  34 dmel_mitochondrion_genome
  14 Unmapped_Scaffold_8
   4 dmel_mitochondrion_genome
  26 rDNA
   2 211000022278498
   2 211000022279446
  10 rDNA
   2 211000022280645
   4 211000022279188
   2 211000022278724
   2 211000022278282
   2 211000022278879
   2 211000022279529
   2 211000022279708
   2 211000022279528
   2 211000022279555
   2 211000022279531
   2 211000022279222
   2 211000022278750
   2 211000022278877
   2 211000022279055
   2 211000022279108
   2 211000022278880
   2 211000022278878
   2 211000022278158
   2 211000022279264
   2 211000022279342
   2 211000022279134
   2 211000022279132
8747 3R
6705 3L
5417 2R
2874 X
9357 2L
 218 Y
 425 4
   3 Unmapped_Scaffold_8
   4 rDNA
  36 dmel_mitochondrion_genome
   5 211000022280328
   2 211000022278875
   2 211000022278279
   2 211000022279681
   4 211000022280494
   2 211000022280703
   2 211000022280481
   2 211000022278436
   2 211000022278664
   2 211000022280133
   2 211000022278522
   3 211000022278449
   2 211000022280347
   2 211000022278298
   2 211000022278307
   2 211000022280341
   2 211000022279392
   2 211000022278604
   3 211000022278760
   2 211000022279165
   2 211000022278309
   2 211000022278603
   2 211000022278985
