                            OLS Regression Results                            
==============================================================================
Dep. Variable:                   FPKM   R-squared:                       0.000
Model:                            OLS   Adj. R-squared:                 -0.000
Method:                 Least Squares   F-statistic:                    0.5277
Date:                Fri, 30 Aug 2019   Prob (F-statistic):              0.663
Time:                        14:52:24   Log-Likelihood:            -2.0498e+05
No. Observations:               34718   AIC:                         4.100e+05
Df Residuals:                   34714   BIC:                         4.100e+05
Df Model:                           3                                         
Covariance Type:            nonrobust                                         
==============================================================================
                 coef    std err          t      P>|t|      [0.025      0.975]
------------------------------------------------------------------------------
Intercept     13.5861      0.529     25.660      0.000      12.548      14.624
H3K4me1       -0.0784      0.069     -1.139      0.255      -0.213       0.057
H3K9me3        0.0977      0.093      1.051      0.293      -0.085       0.280
H3K4me3        0.0088      0.012      0.757      0.449      -0.014       0.032
==============================================================================
Omnibus:                    86658.987   Durbin-Watson:                   1.857
Prob(Omnibus):                  0.000   Jarque-Bera (JB):       2417202611.880
Skew:                          27.052   Prob(JB):                         0.00
Kurtosis:                    1294.529   Cond. No.                         63.3
==============================================================================

Warnings:
[1] Standard Errors assume that the covariance matrix of the errors is correctly specified.
